Traceback (most recent call last):
  File "/home/codespace/.local/lib/python3.12/site-packages/jupyter_core/utils/__init__.py", line 154, in wrapped
    asyncio.get_running_loop()
RuntimeError: no running event loop

During handling of the above exception, another exception occurred:

Traceback (most recent call last):
  File "/usr/local/python/3.12.1/lib/python3.12/site-packages/jupyter_cache/executors/utils.py", line 58, in single_nb_execution
    executenb(
  File "/home/codespace/.local/lib/python3.12/site-packages/nbclient/client.py", line 1319, in execute
    return NotebookClient(nb=nb, resources=resources, km=km, **kwargs).execute()
           ^^^^^^^^^^^^^^^^^^^^^^^^^^^^^^^^^^^^^^^^^^^^^^^^^^^^^^^^^^^^^^^^^^^^^
  File "/home/codespace/.local/lib/python3.12/site-packages/jupyter_core/utils/__init__.py", line 158, in wrapped
    return loop.run_until_complete(inner)
           ^^^^^^^^^^^^^^^^^^^^^^^^^^^^^^
  File "/usr/local/python/3.12.1/lib/python3.12/asyncio/base_events.py", line 684, in run_until_complete
    return future.result()
           ^^^^^^^^^^^^^^^
  File "/home/codespace/.local/lib/python3.12/site-packages/nbclient/client.py", line 709, in async_execute
    await self.async_execute_cell(
  File "/home/codespace/.local/lib/python3.12/site-packages/nbclient/client.py", line 1062, in async_execute_cell
    await self._check_raise_for_error(cell, cell_index, exec_reply)
  File "/home/codespace/.local/lib/python3.12/site-packages/nbclient/client.py", line 918, in _check_raise_for_error
    raise CellExecutionError.from_cell_and_msg(cell, exec_reply_content)
nbclient.exceptions.CellExecutionError: An error occurred while executing the following cell:
------------------
mysql_query = "SELECT * FROM iris_data;"
df_mysql = pd.read_sql(mysql_query, mysql_engine)

pg_query = "SELECT * FROM iris_data;"
df_postgres = pd.read_sql(pg_query, pg_engine)

# Print hasil query
print("Data dari MySQL:")
print(df_mysql.head())

print("\n Data dari PostgreSQL:")
print(df_postgres.head())

#Menghapus file yang di upload sebelumnya
if os.path.exists(".env"):
    os.remove(".env")
------------------

----- stdout -----
Data dari MySQL:
   id        class  petal_length  petal_width
0   1  Iris-setosa           1.4          0.2
1   2  Iris-setosa           1.4          0.2
2   3  Iris-setosa           1.3          0.2
3   4  Iris-setosa           1.5          0.2
4   5  Iris-setosa           1.4          0.2

 Data dari PostgreSQL:
   id        class  sepal_length  sepal_width
0   1  Iris-setosa           5.1          3.5
1   2  Iris-setosa           4.9          3.0
2   3  Iris-setosa           4.7          3.2
3   4  Iris-setosa           4.6          3.1
4   5  Iris-setosa           5.0          3.6
------------------

[31m---------------------------------------------------------------------------[39m
[31mNameError[39m                                 Traceback (most recent call last)
[36mCell[39m[36m [39m[32mIn[3][39m[32m, line 15[39m
[32m     12[39m [38;5;28mprint[39m(df_postgres.head())
[32m     14[39m [38;5;66;03m#Menghapus file yang di upload sebelumnya[39;00m
[32m---> [39m[32m15[39m [38;5;28;01mif[39;00m [43mos[49m.path.exists([33m"[39m[33m.env[39m[33m"[39m):
[32m     16[39m     os.remove([33m"[39m[33m.env[39m[33m"[39m)

[31mNameError[39m: name 'os' is not defined

