Traceback (most recent call last):
  File "/home/codespace/.local/lib/python3.12/site-packages/jupyter_core/utils/__init__.py", line 154, in wrapped
    asyncio.get_running_loop()
RuntimeError: no running event loop

During handling of the above exception, another exception occurred:

Traceback (most recent call last):
  File "/usr/local/python/3.12.1/lib/python3.12/site-packages/jupyter_cache/executors/utils.py", line 58, in single_nb_execution
    executenb(
  File "/home/codespace/.local/lib/python3.12/site-packages/nbclient/client.py", line 1319, in execute
    return NotebookClient(nb=nb, resources=resources, km=km, **kwargs).execute()
           ^^^^^^^^^^^^^^^^^^^^^^^^^^^^^^^^^^^^^^^^^^^^^^^^^^^^^^^^^^^^^^^^^^^^^
  File "/home/codespace/.local/lib/python3.12/site-packages/jupyter_core/utils/__init__.py", line 158, in wrapped
    return loop.run_until_complete(inner)
           ^^^^^^^^^^^^^^^^^^^^^^^^^^^^^^
  File "/usr/local/python/3.12.1/lib/python3.12/asyncio/base_events.py", line 684, in run_until_complete
    return future.result()
           ^^^^^^^^^^^^^^^
  File "/home/codespace/.local/lib/python3.12/site-packages/nbclient/client.py", line 709, in async_execute
    await self.async_execute_cell(
  File "/home/codespace/.local/lib/python3.12/site-packages/nbclient/client.py", line 1062, in async_execute_cell
    await self._check_raise_for_error(cell, cell_index, exec_reply)
  File "/home/codespace/.local/lib/python3.12/site-packages/nbclient/client.py", line 918, in _check_raise_for_error
    raise CellExecutionError.from_cell_and_msg(cell, exec_reply_content)
nbclient.exceptions.CellExecutionError: An error occurred while executing the following cell:
------------------
import pandas as pd
from sqlalchemy import create_engine

# Koneksi ke MySQL
MYSQL_HOST = "mysql-3634ef1a-tugas-pendata.g.aivencloud.com"
MYSQL_PORT = 17416
MYSQL_USER = "avnadmin"
MYSQL_PASSWORD = "xxx"
MYSQL_DATABASE = "defaultdb"

# Koneksi ke PostgreSQL
PG_HOST = "pg-359aec68-tugas-pendata.g.aivencloud.com"
PG_PORT = 17416
PG_USER = "avnadmin"
PG_PASSWORD = "AVNS_oal2yP3mG6JLIwX3BUK"
PG_DATABASE = "defaultdb"

# Gunakan SQLAlchemy untuk koneksi ke MySQL
mysql_engine = create_engine(
    f"mysql+pymysql://{MYSQL_USER}:{MYSQL_PASSWORD}@{MYSQL_HOST}:{MYSQL_PORT}/{MYSQL_DATABASE}"
)

# Gunakan SQLAlchemy untuk koneksi ke PostgreSQL
pg_engine = create_engine(
    f"postgresql+psycopg2://{PG_USER}:{PG_PASSWORD}@{PG_HOST}:{PG_PORT}/{PG_DATABASE}"
)

# Jalankan query
mysql_query = "SELECT * FROM iris_data;"
df_mysql = pd.read_sql(mysql_query, mysql_engine)

pg_query = "SELECT * FROM iris_data;"
df_postgres = pd.read_sql(pg_query, pg_engine)

# Print hasil
print("Data dari MySQL:")
print(df_mysql.head())

print("\nData dari PostgreSQL:")
print(df_postgres.head())

------------------


[31m---------------------------------------------------------------------------[39m
[31mRuntimeError[39m                              Traceback (most recent call last)
[36mCell[39m[36m [39m[32mIn[2][39m[32m, line 30[39m
[32m     28[39m [38;5;66;03m# Jalankan query[39;00m
[32m     29[39m mysql_query = [33m"[39m[33mSELECT * FROM iris_data;[39m[33m"[39m
[32m---> [39m[32m30[39m df_mysql = [43mpd[49m[43m.[49m[43mread_sql[49m[43m([49m[43mmysql_query[49m[43m,[49m[43m [49m[43mmysql_engine[49m[43m)[49m
[32m     32[39m pg_query = [33m"[39m[33mSELECT * FROM iris_data;[39m[33m"[39m
[32m     33[39m df_postgres = pd.read_sql(pg_query, pg_engine)

[36mFile [39m[32m~/.local/lib/python3.12/site-packages/pandas/io/sql.py:706[39m, in [36mread_sql[39m[34m(sql, con, index_col, coerce_float, params, parse_dates, columns, chunksize, dtype_backend, dtype)[39m
[32m    703[39m     dtype_backend = [33m"[39m[33mnumpy[39m[33m"[39m  [38;5;66;03m# type: ignore[assignment][39;00m
[32m    704[39m [38;5;28;01massert[39;00m dtype_backend [38;5;129;01mis[39;00m [38;5;129;01mnot[39;00m lib.no_default
[32m--> [39m[32m706[39m [38;5;28;01mwith[39;00m [43mpandasSQL_builder[49m[43m([49m[43mcon[49m[43m)[49m [38;5;28;01mas[39;00m pandas_sql:
[32m    707[39m     [38;5;28;01mif[39;00m [38;5;28misinstance[39m(pandas_sql, SQLiteDatabase):
[32m    708[39m         [38;5;28;01mreturn[39;00m pandas_sql.read_query(
[32m    709[39m             sql,
[32m    710[39m             index_col=index_col,
[32m   (...)[39m[32m    716[39m             dtype=dtype,
[32m    717[39m         )

[36mFile [39m[32m~/.local/lib/python3.12/site-packages/pandas/io/sql.py:908[39m, in [36mpandasSQL_builder[39m[34m(con, schema, need_transaction)[39m
[32m    905[39m     [38;5;28;01mraise[39;00m [38;5;167;01mImportError[39;00m([33m"[39m[33mUsing URI string without sqlalchemy installed.[39m[33m"[39m)
[32m    907[39m [38;5;28;01mif[39;00m sqlalchemy [38;5;129;01mis[39;00m [38;5;129;01mnot[39;00m [38;5;28;01mNone[39;00m [38;5;129;01mand[39;00m [38;5;28misinstance[39m(con, ([38;5;28mstr[39m, sqlalchemy.engine.Connectable)):
[32m--> [39m[32m908[39m     [38;5;28;01mreturn[39;00m [43mSQLDatabase[49m[43m([49m[43mcon[49m[43m,[49m[43m [49m[43mschema[49m[43m,[49m[43m [49m[43mneed_transaction[49m[43m)[49m
[32m    910[39m adbc = import_optional_dependency([33m"[39m[33madbc_driver_manager.dbapi[39m[33m"[39m, errors=[33m"[39m[33mignore[39m[33m"[39m)
[32m    911[39m [38;5;28;01mif[39;00m adbc [38;5;129;01mand[39;00m [38;5;28misinstance[39m(con, adbc.Connection):

[36mFile [39m[32m~/.local/lib/python3.12/site-packages/pandas/io/sql.py:1648[39m, in [36mSQLDatabase.__init__[39m[34m(self, con, schema, need_transaction)[39m
[32m   1646[39m     [38;5;28mself[39m.exit_stack.callback(con.dispose)
[32m   1647[39m [38;5;28;01mif[39;00m [38;5;28misinstance[39m(con, Engine):
[32m-> [39m[32m1648[39m     con = [38;5;28mself[39m.exit_stack.enter_context([43mcon[49m[43m.[49m[43mconnect[49m[43m([49m[43m)[49m)
[32m   1649[39m [38;5;28;01mif[39;00m need_transaction [38;5;129;01mand[39;00m [38;5;129;01mnot[39;00m con.in_transaction():
[32m   1650[39m     [38;5;28mself[39m.exit_stack.enter_context(con.begin())

[36mFile [39m[32m/usr/local/python/3.12.1/lib/python3.12/site-packages/sqlalchemy/engine/base.py:3277[39m, in [36mEngine.connect[39m[34m(self)[39m
[32m   3254[39m [38;5;28;01mdef[39;00m[38;5;250m [39m[34mconnect[39m([38;5;28mself[39m) -> Connection:
[32m   3255[39m [38;5;250m    [39m[33;03m"""Return a new :class:`_engine.Connection` object.[39;00m
[32m   3256[39m 
[32m   3257[39m [33;03m    The :class:`_engine.Connection` acts as a Python context manager, so[39;00m
[32m   (...)[39m[32m   3274[39m 
[32m   3275[39m [33;03m    """[39;00m
[32m-> [39m[32m3277[39m     [38;5;28;01mreturn[39;00m [38;5;28;43mself[39;49m[43m.[49m[43m_connection_cls[49m[43m([49m[38;5;28;43mself[39;49m[43m)[49m

[36mFile [39m[32m/usr/local/python/3.12.1/lib/python3.12/site-packages/sqlalchemy/engine/base.py:143[39m, in [36mConnection.__init__[39m[34m(self, engine, connection, _has_events, _allow_revalidate, _allow_autobegin)[39m
[32m    141[39m [38;5;28;01mif[39;00m connection [38;5;129;01mis[39;00m [38;5;28;01mNone[39;00m:
[32m    142[39m     [38;5;28;01mtry[39;00m:
[32m--> [39m[32m143[39m         [38;5;28mself[39m._dbapi_connection = [43mengine[49m[43m.[49m[43mraw_connection[49m[43m([49m[43m)[49m
[32m    144[39m     [38;5;28;01mexcept[39;00m dialect.loaded_dbapi.Error [38;5;28;01mas[39;00m err:
[32m    145[39m         Connection._handle_dbapi_exception_noconnection(
[32m    146[39m             err, dialect, engine
[32m    147[39m         )

[36mFile [39m[32m/usr/local/python/3.12.1/lib/python3.12/site-packages/sqlalchemy/engine/base.py:3301[39m, in [36mEngine.raw_connection[39m[34m(self)[39m
[32m   3279[39m [38;5;28;01mdef[39;00m[38;5;250m [39m[34mraw_connection[39m([38;5;28mself[39m) -> PoolProxiedConnection:
[32m   3280[39m [38;5;250m    [39m[33;03m"""Return a "raw" DBAPI connection from the connection pool.[39;00m
[32m   3281[39m 
[32m   3282[39m [33;03m    The returned object is a proxied version of the DBAPI[39;00m
[32m   (...)[39m[32m   3299[39m 
[32m   3300[39m [33;03m    """[39;00m
[32m-> [39m[32m3301[39m     [38;5;28;01mreturn[39;00m [38;5;28;43mself[39;49m[43m.[49m[43mpool[49m[43m.[49m[43mconnect[49m[43m([49m[43m)[49m

[36mFile [39m[32m/usr/local/python/3.12.1/lib/python3.12/site-packages/sqlalchemy/pool/base.py:447[39m, in [36mPool.connect[39m[34m(self)[39m
[32m    439[39m [38;5;28;01mdef[39;00m[38;5;250m [39m[34mconnect[39m([38;5;28mself[39m) -> PoolProxiedConnection:
[32m    440[39m [38;5;250m    [39m[33;03m"""Return a DBAPI connection from the pool.[39;00m
[32m    441[39m 
[32m    442[39m [33;03m    The connection is instrumented such that when its[39;00m
[32m   (...)[39m[32m    445[39m 
[32m    446[39m [33;03m    """[39;00m
[32m--> [39m[32m447[39m     [38;5;28;01mreturn[39;00m [43m_ConnectionFairy[49m[43m.[49m[43m_checkout[49m[43m([49m[38;5;28;43mself[39;49m[43m)[49m

[36mFile [39m[32m/usr/local/python/3.12.1/lib/python3.12/site-packages/sqlalchemy/pool/base.py:1264[39m, in [36m_ConnectionFairy._checkout[39m[34m(cls, pool, threadconns, fairy)[39m
[32m   1256[39m [38;5;129m@classmethod[39m
[32m   1257[39m [38;5;28;01mdef[39;00m[38;5;250m [39m[34m_checkout[39m(
[32m   1258[39m     [38;5;28mcls[39m,
[32m   (...)[39m[32m   1261[39m     fairy: Optional[_ConnectionFairy] = [38;5;28;01mNone[39;00m,
[32m   1262[39m ) -> _ConnectionFairy:
[32m   1263[39m     [38;5;28;01mif[39;00m [38;5;129;01mnot[39;00m fairy:
[32m-> [39m[32m1264[39m         fairy = [43m_ConnectionRecord[49m[43m.[49m[43mcheckout[49m[43m([49m[43mpool[49m[43m)[49m
[32m   1266[39m         [38;5;28;01mif[39;00m threadconns [38;5;129;01mis[39;00m [38;5;129;01mnot[39;00m [38;5;28;01mNone[39;00m:
[32m   1267[39m             threadconns.current = weakref.ref(fairy)

[36mFile [39m[32m/usr/local/python/3.12.1/lib/python3.12/site-packages/sqlalchemy/pool/base.py:711[39m, in [36m_ConnectionRecord.checkout[39m[34m(cls, pool)[39m
[32m    709[39m     rec = cast(_ConnectionRecord, pool._do_get())
[32m    710[39m [38;5;28;01melse[39;00m:
[32m--> [39m[32m711[39m     rec = [43mpool[49m[43m.[49m[43m_do_get[49m[43m([49m[43m)[49m
[32m    713[39m [38;5;28;01mtry[39;00m:
[32m    714[39m     dbapi_connection = rec.get_connection()

[36mFile [39m[32m/usr/local/python/3.12.1/lib/python3.12/site-packages/sqlalchemy/pool/impl.py:177[39m, in [36mQueuePool._do_get[39m[34m(self)[39m
[32m    175[39m     [38;5;28;01mreturn[39;00m [38;5;28mself[39m._create_connection()
[32m    176[39m [38;5;28;01mexcept[39;00m:
[32m--> [39m[32m177[39m [43m    [49m[38;5;28;43;01mwith[39;49;00m[43m [49m[43mutil[49m[43m.[49m[43msafe_reraise[49m[43m([49m[43m)[49m[43m:[49m
[32m    178[39m [43m        [49m[38;5;28;43mself[39;49m[43m.[49m[43m_dec_overflow[49m[43m([49m[43m)[49m
[32m    179[39m     [38;5;28;01mraise[39;00m

[36mFile [39m[32m/usr/local/python/3.12.1/lib/python3.12/site-packages/sqlalchemy/util/langhelpers.py:224[39m, in [36msafe_reraise.__exit__[39m[34m(self, type_, value, traceback)[39m
[32m    222[39m     [38;5;28;01massert[39;00m exc_value [38;5;129;01mis[39;00m [38;5;129;01mnot[39;00m [38;5;28;01mNone[39;00m
[32m    223[39m     [38;5;28mself[39m._exc_info = [38;5;28;01mNone[39;00m  [38;5;66;03m# remove potential circular references[39;00m
[32m--> [39m[32m224[39m     [38;5;28;01mraise[39;00m exc_value.with_traceback(exc_tb)
[32m    225[39m [38;5;28;01melse[39;00m:
[32m    226[39m     [38;5;28mself[39m._exc_info = [38;5;28;01mNone[39;00m  [38;5;66;03m# remove potential circular references[39;00m

[36mFile [39m[32m/usr/local/python/3.12.1/lib/python3.12/site-packages/sqlalchemy/pool/impl.py:175[39m, in [36mQueuePool._do_get[39m[34m(self)[39m
[32m    173[39m [38;5;28;01mif[39;00m [38;5;28mself[39m._inc_overflow():
[32m    174[39m     [38;5;28;01mtry[39;00m:
[32m--> [39m[32m175[39m         [38;5;28;01mreturn[39;00m [38;5;28;43mself[39;49m[43m.[49m[43m_create_connection[49m[43m([49m[43m)[49m
[32m    176[39m     [38;5;28;01mexcept[39;00m:
[32m    177[39m         [38;5;28;01mwith[39;00m util.safe_reraise():

[36mFile [39m[32m/usr/local/python/3.12.1/lib/python3.12/site-packages/sqlalchemy/pool/base.py:388[39m, in [36mPool._create_connection[39m[34m(self)[39m
[32m    385[39m [38;5;28;01mdef[39;00m[38;5;250m [39m[34m_create_connection[39m([38;5;28mself[39m) -> ConnectionPoolEntry:
[32m    386[39m [38;5;250m    [39m[33;03m"""Called by subclasses to create a new ConnectionRecord."""[39;00m
[32m--> [39m[32m388[39m     [38;5;28;01mreturn[39;00m [43m_ConnectionRecord[49m[43m([49m[38;5;28;43mself[39;49m[43m)[49m

[36mFile [39m[32m/usr/local/python/3.12.1/lib/python3.12/site-packages/sqlalchemy/pool/base.py:673[39m, in [36m_ConnectionRecord.__init__[39m[34m(self, pool, connect)[39m
[32m    671[39m [38;5;28mself[39m.__pool = pool
[32m    672[39m [38;5;28;01mif[39;00m connect:
[32m--> [39m[32m673[39m     [38;5;28;43mself[39;49m[43m.[49m[43m__connect[49m[43m([49m[43m)[49m
[32m    674[39m [38;5;28mself[39m.finalize_callback = deque()

[36mFile [39m[32m/usr/local/python/3.12.1/lib/python3.12/site-packages/sqlalchemy/pool/base.py:899[39m, in [36m_ConnectionRecord.__connect[39m[34m(self)[39m
[32m    897[39m     [38;5;28mself[39m.fresh = [38;5;28;01mTrue[39;00m
[32m    898[39m [38;5;28;01mexcept[39;00m [38;5;167;01mBaseException[39;00m [38;5;28;01mas[39;00m e:
[32m--> [39m[32m899[39m [43m    [49m[38;5;28;43;01mwith[39;49;00m[43m [49m[43mutil[49m[43m.[49m[43msafe_reraise[49m[43m([49m[43m)[49m[43m:[49m
[32m    900[39m [43m        [49m[43mpool[49m[43m.[49m[43mlogger[49m[43m.[49m[43mdebug[49m[43m([49m[33;43m"[39;49m[33;43mError on connect(): [39;49m[38;5;132;43;01m%s[39;49;00m[33;43m"[39;49m[43m,[49m[43m [49m[43me[49m[43m)[49m
[32m    901[39m [38;5;28;01melse[39;00m:
[32m    902[39m     [38;5;66;03m# in SQLAlchemy 1.4 the first_connect event is not used by[39;00m
[32m    903[39m     [38;5;66;03m# the engine, so this will usually not be set[39;00m

[36mFile [39m[32m/usr/local/python/3.12.1/lib/python3.12/site-packages/sqlalchemy/util/langhelpers.py:224[39m, in [36msafe_reraise.__exit__[39m[34m(self, type_, value, traceback)[39m
[32m    222[39m     [38;5;28;01massert[39;00m exc_value [38;5;129;01mis[39;00m [38;5;129;01mnot[39;00m [38;5;28;01mNone[39;00m
[32m    223[39m     [38;5;28mself[39m._exc_info = [38;5;28;01mNone[39;00m  [38;5;66;03m# remove potential circular references[39;00m
[32m--> [39m[32m224[39m     [38;5;28;01mraise[39;00m exc_value.with_traceback(exc_tb)
[32m    225[39m [38;5;28;01melse[39;00m:
[32m    226[39m     [38;5;28mself[39m._exc_info = [38;5;28;01mNone[39;00m  [38;5;66;03m# remove potential circular references[39;00m

[36mFile [39m[32m/usr/local/python/3.12.1/lib/python3.12/site-packages/sqlalchemy/pool/base.py:895[39m, in [36m_ConnectionRecord.__connect[39m[34m(self)[39m
[32m    893[39m [38;5;28;01mtry[39;00m:
[32m    894[39m     [38;5;28mself[39m.starttime = time.time()
[32m--> [39m[32m895[39m     [38;5;28mself[39m.dbapi_connection = connection = [43mpool[49m[43m.[49m[43m_invoke_creator[49m[43m([49m[38;5;28;43mself[39;49m[43m)[49m
[32m    896[39m     pool.logger.debug([33m"[39m[33mCreated new connection [39m[38;5;132;01m%r[39;00m[33m"[39m, connection)
[32m    897[39m     [38;5;28mself[39m.fresh = [38;5;28;01mTrue[39;00m

[36mFile [39m[32m/usr/local/python/3.12.1/lib/python3.12/site-packages/sqlalchemy/engine/create.py:661[39m, in [36mcreate_engine.<locals>.connect[39m[34m(connection_record)[39m
[32m    658[39m         [38;5;28;01mif[39;00m connection [38;5;129;01mis[39;00m [38;5;129;01mnot[39;00m [38;5;28;01mNone[39;00m:
[32m    659[39m             [38;5;28;01mreturn[39;00m connection
[32m--> [39m[32m661[39m [38;5;28;01mreturn[39;00m [43mdialect[49m[43m.[49m[43mconnect[49m[43m([49m[43m*[49m[43mcargs[49m[43m,[49m[43m [49m[43m*[49m[43m*[49m[43mcparams[49m[43m)[49m

[36mFile [39m[32m/usr/local/python/3.12.1/lib/python3.12/site-packages/sqlalchemy/engine/default.py:629[39m, in [36mDefaultDialect.connect[39m[34m(self, *cargs, **cparams)[39m
[32m    627[39m [38;5;28;01mdef[39;00m[38;5;250m [39m[34mconnect[39m([38;5;28mself[39m, *cargs: Any, **cparams: Any) -> DBAPIConnection:
[32m    628[39m     [38;5;66;03m# inherits the docstring from interfaces.Dialect.connect[39;00m
[32m--> [39m[32m629[39m     [38;5;28;01mreturn[39;00m [38;5;28;43mself[39;49m[43m.[49m[43mloaded_dbapi[49m[43m.[49m[43mconnect[49m[43m([49m[43m*[49m[43mcargs[49m[43m,[49m[43m [49m[43m*[49m[43m*[49m[43mcparams[49m[43m)[49m

[36mFile [39m[32m/usr/local/python/3.12.1/lib/python3.12/site-packages/pymysql/connections.py:365[39m, in [36mConnection.__init__[39m[34m(self, user, password, host, database, unix_socket, port, charset, collation, sql_mode, read_default_file, conv, use_unicode, client_flag, cursorclass, init_command, connect_timeout, read_default_group, autocommit, local_infile, max_allowed_packet, defer_connect, auth_plugin_map, read_timeout, write_timeout, bind_address, binary_prefix, program_name, server_public_key, ssl, ssl_ca, ssl_cert, ssl_disabled, ssl_key, ssl_key_password, ssl_verify_cert, ssl_verify_identity, compress, named_pipe, passwd, db)[39m
[32m    363[39m     [38;5;28mself[39m._sock = [38;5;28;01mNone[39;00m
[32m    364[39m [38;5;28;01melse[39;00m:
[32m--> [39m[32m365[39m     [38;5;28;43mself[39;49m[43m.[49m[43mconnect[49m[43m([49m[43m)[49m

[36mFile [39m[32m/usr/local/python/3.12.1/lib/python3.12/site-packages/pymysql/connections.py:681[39m, in [36mConnection.connect[39m[34m(self, sock)[39m
[32m    678[39m [38;5;28mself[39m._next_seq_id = [32m0[39m
[32m    680[39m [38;5;28mself[39m._get_server_information()
[32m--> [39m[32m681[39m [38;5;28;43mself[39;49m[43m.[49m[43m_request_authentication[49m[43m([49m[43m)[49m
[32m    683[39m [38;5;66;03m# Send "SET NAMES" query on init for:[39;00m
[32m    684[39m [38;5;66;03m# - Ensure charaset (and collation) is set to the server.[39;00m
[32m    685[39m [38;5;66;03m#   - collation_id in handshake packet may be ignored.[39;00m
[32m   (...)[39m[32m    694[39m [38;5;66;03m# - https://github.com/wagtail/wagtail/issues/9477[39;00m
[32m    695[39m [38;5;66;03m# - https://zenn.dev/methane/articles/2023-mysql-collation (Japanese)[39;00m
[32m    696[39m [38;5;28mself[39m.set_character_set([38;5;28mself[39m.charset, [38;5;28mself[39m.collation)

[36mFile [39m[32m/usr/local/python/3.12.1/lib/python3.12/site-packages/pymysql/connections.py:980[39m, in [36mConnection._request_authentication[39m[34m(self)[39m
[32m    978[39m [38;5;66;03m# https://dev.mysql.com/doc/internals/en/successful-authentication.html[39;00m
[32m    979[39m [38;5;28;01mif[39;00m [38;5;28mself[39m._auth_plugin_name == [33m"[39m[33mcaching_sha2_password[39m[33m"[39m:
[32m--> [39m[32m980[39m     auth_packet = [43m_auth[49m[43m.[49m[43mcaching_sha2_password_auth[49m[43m([49m[38;5;28;43mself[39;49m[43m,[49m[43m [49m[43mauth_packet[49m[43m)[49m
[32m    981[39m [38;5;28;01melif[39;00m [38;5;28mself[39m._auth_plugin_name == [33m"[39m[33msha256_password[39m[33m"[39m:
[32m    982[39m     auth_packet = _auth.sha256_password_auth([38;5;28mself[39m, auth_packet)

[36mFile [39m[32m/usr/local/python/3.12.1/lib/python3.12/site-packages/pymysql/_auth.py:271[39m, in [36mcaching_sha2_password_auth[39m[34m(conn, pkt)[39m
[32m    268[39m     [38;5;28;01mif[39;00m DEBUG:
[32m    269[39m         [38;5;28mprint[39m(conn.server_public_key.decode([33m"[39m[33mascii[39m[33m"[39m))
[32m--> [39m[32m271[39m data = [43msha2_rsa_encrypt[49m[43m([49m[43mconn[49m[43m.[49m[43mpassword[49m[43m,[49m[43m [49m[43mconn[49m[43m.[49m[43msalt[49m[43m,[49m[43m [49m[43mconn[49m[43m.[49m[43mserver_public_key[49m[43m)[49m
[32m    272[39m pkt = _roundtrip(conn, data)

[36mFile [39m[32m/usr/local/python/3.12.1/lib/python3.12/site-packages/pymysql/_auth.py:144[39m, in [36msha2_rsa_encrypt[39m[34m(password, salt, public_key)[39m
[32m    139[39m [38;5;250m[39m[33;03m"""Encrypt password with salt and public_key.[39;00m
[32m    140[39m 
[32m    141[39m [33;03mUsed for sha256_password and caching_sha2_password.[39;00m
[32m    142[39m [33;03m"""[39;00m
[32m    143[39m [38;5;28;01mif[39;00m [38;5;129;01mnot[39;00m _have_cryptography:
[32m--> [39m[32m144[39m     [38;5;28;01mraise[39;00m [38;5;167;01mRuntimeError[39;00m(
[32m    145[39m         [33m"[39m[33m'[39m[33mcryptography[39m[33m'[39m[33m package is required for sha256_password or[39m[33m"[39m
[32m    146[39m         + [33m"[39m[33m caching_sha2_password auth methods[39m[33m"[39m
[32m    147[39m     )
[32m    148[39m message = _xor_password(password + [33mb[39m[33m"[39m[38;5;130;01m\0[39;00m[33m"[39m, salt)
[32m    149[39m rsa_key = serialization.load_pem_public_key(public_key, default_backend())

[31mRuntimeError[39m: 'cryptography' package is required for sha256_password or caching_sha2_password auth methods

